2024-09-01 22:19:08,661 [Worker-4: Loading available Gradle versions] INFO  o.e.b.c.i.u.g.PublishedGradleVersions - Gradle version information cache is up-to-date. Trying to read.
2024-09-01 22:19:58,709 [Worker-10: Update Maven projects configuration] INFO  o.e.m.c.i.p.ProjectConfigurationManager - Update started
2024-09-01 22:20:01,154 [Worker-10: Update Maven projects configuration] INFO  o.e.m.c.i.l.LifecycleMappingFactory - Using org.eclipse.m2e.jdt.JarLifecycleMapping lifecycle mapping for MavenProject: com.example:eureka-server:0.0.1-SNAPSHOT @ C:\Users\diroa\Downloads\capstone_project_test-master\capstone_project_test-master\backend\eureka-server\eureka-server\pom.xml.
2024-09-01 22:20:05,285 [Worker-10: Update Maven projects configuration] INFO  o.e.m.j.i.AbstractJavaProjectConfigurator - Adding source folder /eureka-server_eureka-server/src/main/java
2024-09-01 22:20:05,291 [Worker-10: Update Maven projects configuration] INFO  o.e.m.j.i.AbstractJavaProjectConfigurator - Adding resource folder /eureka-server_eureka-server/src/main/resources
2024-09-01 22:20:05,324 [Worker-10: Update Maven projects configuration] INFO  o.e.m.j.i.AbstractJavaProjectConfigurator - Adding resource folder /eureka-server_eureka-server/src/main/resources
2024-09-01 22:20:05,370 [Worker-10: Update Maven projects configuration] INFO  o.e.m.j.i.AbstractJavaProjectConfigurator - Adding source folder /eureka-server_eureka-server/src/test/java
2024-09-01 22:20:05,372 [Worker-10: Update Maven projects configuration] INFO  o.e.m.j.i.AbstractJavaProjectConfigurator - Adding resource folder /eureka-server_eureka-server/src/test/resources
2024-09-01 22:20:08,439 [Worker-7: Building] INFO  o.a.m.s.f.DefaultMavenResourcesFiltering - Copying 1 resource from src\main\resources to target\classes
2024-09-01 22:20:08,468 [Worker-7: Building] INFO  o.a.m.s.f.DefaultMavenResourcesFiltering - Copying 0 resource from src\main\resources to target\classes
2024-09-01 22:20:08,474 [Worker-7: Building] INFO  o.a.m.s.f.DefaultMavenResourcesFiltering - skip non existing resourceDirectory C:\Users\diroa\Downloads\capstone_project_test-master\capstone_project_test-master\backend\eureka-server\eureka-server\src\test\resources
2024-09-01 22:20:08,931 [Worker-10: Update Maven projects configuration] INFO  o.e.m.c.i.p.ProjectConfigurationManager - Update completed for 1 poms: local refresh takes 0.00 sec, refresh facades takes 5.00 sec, update config takes 4.00 sec 
2024-09-01 22:20:09,639 [Worker-11: Building] INFO  o.a.m.s.f.DefaultMavenResourcesFiltering - Copying 1 resource from src\main\resources to target\classes
2024-09-01 22:20:09,643 [Worker-11: Building] INFO  o.a.m.s.f.DefaultMavenResourcesFiltering - Copying 0 resource from src\main\resources to target\classes
2024-09-01 22:20:09,650 [Worker-11: Building] INFO  o.a.m.s.f.DefaultMavenResourcesFiltering - skip non existing resourceDirectory C:\Users\diroa\Downloads\capstone_project_test-master\capstone_project_test-master\backend\eureka-server\eureka-server\src\test\resources
2024-09-01 22:20:29,758 [Worker-6: Update Maven projects configuration] INFO  o.e.m.c.i.p.ProjectConfigurationManager - Update started
2024-09-01 22:20:30,774 [Worker-6: Update Maven projects configuration] INFO  o.e.m.c.i.l.LifecycleMappingFactory - Using org.eclipse.m2e.jdt.JarLifecycleMapping lifecycle mapping for MavenProject: com.example:micro-service-app:0.0.1-SNAPSHOT @ C:\Users\diroa\Downloads\capstone_project_test-master\capstone_project_test-master\backend\micro-service-app\micro-service-app\pom.xml.
2024-09-01 22:20:32,534 [Worker-6: Update Maven projects configuration] INFO  o.e.m.j.i.AbstractJavaProjectConfigurator - Adding source folder /micro-service-app_micro-service-app/src/main/java
2024-09-01 22:20:32,535 [Worker-6: Update Maven projects configuration] INFO  o.e.m.j.i.AbstractJavaProjectConfigurator - Adding resource folder /micro-service-app_micro-service-app/src/main/resources
2024-09-01 22:20:32,549 [Worker-6: Update Maven projects configuration] INFO  o.e.m.j.i.AbstractJavaProjectConfigurator - Adding resource folder /micro-service-app_micro-service-app/src/main/resources
2024-09-01 22:20:32,550 [Worker-6: Update Maven projects configuration] INFO  o.e.m.j.i.AbstractJavaProjectConfigurator - Adding source folder /micro-service-app_micro-service-app/src/test/java
2024-09-01 22:20:32,551 [Worker-6: Update Maven projects configuration] INFO  o.e.m.j.i.AbstractJavaProjectConfigurator - Adding resource folder /micro-service-app_micro-service-app/src/test/resources
2024-09-01 22:20:33,708 [Worker-14: Building] INFO  o.a.m.s.f.DefaultMavenResourcesFiltering - Copying 1 resource from src\main\resources to target\classes
2024-09-01 22:20:33,733 [Worker-14: Building] INFO  o.a.m.s.f.DefaultMavenResourcesFiltering - Copying 0 resource from src\main\resources to target\classes
2024-09-01 22:20:33,754 [Worker-14: Building] INFO  o.a.m.s.f.DefaultMavenResourcesFiltering - skip non existing resourceDirectory C:\Users\diroa\Downloads\capstone_project_test-master\capstone_project_test-master\backend\micro-service-app\micro-service-app\src\test\resources
2024-09-01 22:20:33,997 [Worker-6: Update Maven projects configuration] INFO  o.e.m.c.i.p.ProjectConfigurationManager - Update completed for 1 poms: local refresh takes 0.00 sec, refresh facades takes 2.00 sec, update config takes 1.00 sec 
2024-09-01 22:20:34,308 [Worker-6: Building] INFO  o.a.m.s.f.DefaultMavenResourcesFiltering - Copying 1 resource from src\main\resources to target\classes
2024-09-01 22:20:34,312 [Worker-6: Building] INFO  o.a.m.s.f.DefaultMavenResourcesFiltering - Copying 0 resource from src\main\resources to target\classes
2024-09-01 22:20:34,317 [Worker-6: Building] INFO  o.a.m.s.f.DefaultMavenResourcesFiltering - skip non existing resourceDirectory C:\Users\diroa\Downloads\capstone_project_test-master\capstone_project_test-master\backend\micro-service-app\micro-service-app\src\test\resources
2024-09-01 22:22:04,991 [Worker-4: Building] INFO  o.a.m.s.f.DefaultMavenResourcesFiltering - Copying 1 resource from src\main\resources to target\classes
2024-09-01 22:22:05,005 [Worker-4: Building] INFO  o.a.m.s.f.DefaultMavenResourcesFiltering - Copying 0 resource from src\main\resources to target\classes
2024-09-01 22:22:05,009 [Worker-4: Building] INFO  o.a.m.s.f.DefaultMavenResourcesFiltering - skip non existing resourceDirectory C:\Users\diroa\Downloads\capstone_project_test-master\capstone_project_test-master\backend\micro-service-app\micro-service-app\src\test\resources
2024-09-01 22:22:34,398 [Worker-8: Building] INFO  o.a.m.s.f.DefaultMavenResourcesFiltering - Copying 1 resource from src\main\resources to target\classes
2024-09-01 22:22:34,405 [Worker-8: Building] INFO  o.a.m.s.f.DefaultMavenResourcesFiltering - Copying 0 resource from src\main\resources to target\classes
2024-09-01 22:22:34,408 [Worker-8: Building] INFO  o.a.m.s.f.DefaultMavenResourcesFiltering - skip non existing resourceDirectory C:\Users\diroa\Downloads\capstone_project_test-master\capstone_project_test-master\backend\micro-service-app\micro-service-app\src\test\resources
2024-09-05 22:13:39,122 [Worker-1: Loading available Gradle versions] INFO  o.e.b.c.i.u.g.PublishedGradleVersions - Gradle version information cache is out-of-date. Trying to update.
2024-09-05 22:21:24,037 [Worker-1: Building] INFO  o.e.m.c.i.l.LifecycleMappingFactory - Using org.eclipse.m2e.jdt.JarLifecycleMapping lifecycle mapping for MavenProject: com.example:micro-service-app:0.0.1-SNAPSHOT @ C:\Users\diroa\Downloads\capstone_project_test-master\capstone_project_test-master\backend\micro-service-app\micro-service-app\pom.xml.
2024-09-05 22:21:26,185 [Worker-1: Building] INFO  o.a.m.s.f.DefaultMavenResourcesFiltering - Copying 1 resource from src\main\resources to target\classes
2024-09-05 22:21:26,212 [Worker-1: Building] INFO  o.a.m.s.f.DefaultMavenResourcesFiltering - Copying 0 resource from src\main\resources to target\classes
2024-09-05 22:21:26,219 [Worker-1: Building] INFO  o.a.m.s.f.DefaultMavenResourcesFiltering - skip non existing resourceDirectory C:\Users\diroa\Downloads\capstone_project_test-master\capstone_project_test-master\backend\micro-service-app\micro-service-app\src\test\resources
2024-09-05 22:21:27,079 [Worker-17: Building] INFO  o.a.m.s.f.DefaultMavenResourcesFiltering - Copying 1 resource from src\main\resources to target\classes
2024-09-05 22:21:27,083 [Worker-17: Building] INFO  o.a.m.s.f.DefaultMavenResourcesFiltering - Copying 0 resource from src\main\resources to target\classes
2024-09-05 22:21:27,087 [Worker-17: Building] INFO  o.a.m.s.f.DefaultMavenResourcesFiltering - skip non existing resourceDirectory C:\Users\diroa\Downloads\capstone_project_test-master\capstone_project_test-master\backend\micro-service-app\micro-service-app\src\test\resources
2024-09-05 22:21:56,210 [Worker-14: Building] INFO  o.a.m.s.f.DefaultMavenResourcesFiltering - Copying 1 resource from src\main\resources to target\classes
2024-09-05 22:21:56,223 [Worker-14: Building] INFO  o.a.m.s.f.DefaultMavenResourcesFiltering - Copying 0 resource from src\main\resources to target\classes
2024-09-05 22:21:56,228 [Worker-14: Building] INFO  o.a.m.s.f.DefaultMavenResourcesFiltering - skip non existing resourceDirectory C:\Users\diroa\Downloads\capstone_project_test-master\capstone_project_test-master\backend\micro-service-app\micro-service-app\src\test\resources
2024-09-05 22:22:28,086 [Worker-5: Building] INFO  o.a.m.s.f.DefaultMavenResourcesFiltering - Copying 1 resource from src\main\resources to target\classes
2024-09-05 22:22:28,108 [Worker-5: Building] INFO  o.a.m.s.f.DefaultMavenResourcesFiltering - Copying 0 resource from src\main\resources to target\classes
2024-09-05 22:22:28,112 [Worker-5: Building] INFO  o.a.m.s.f.DefaultMavenResourcesFiltering - skip non existing resourceDirectory C:\Users\diroa\Downloads\capstone_project_test-master\capstone_project_test-master\backend\micro-service-app\micro-service-app\src\test\resources
2024-09-05 22:22:58,447 [Worker-5: Building] INFO  o.a.m.s.f.DefaultMavenResourcesFiltering - Copying 1 resource from src\main\resources to target\classes
2024-09-05 22:22:58,453 [Worker-5: Building] INFO  o.a.m.s.f.DefaultMavenResourcesFiltering - Copying 0 resource from src\main\resources to target\classes
2024-09-05 22:22:58,459 [Worker-5: Building] INFO  o.a.m.s.f.DefaultMavenResourcesFiltering - skip non existing resourceDirectory C:\Users\diroa\Downloads\capstone_project_test-master\capstone_project_test-master\backend\micro-service-app\micro-service-app\src\test\resources
2024-09-05 22:23:25,458 [Worker-15: Building] INFO  o.a.m.s.f.DefaultMavenResourcesFiltering - Copying 1 resource from src\main\resources to target\classes
2024-09-05 22:23:25,463 [Worker-15: Building] INFO  o.a.m.s.f.DefaultMavenResourcesFiltering - Copying 0 resource from src\main\resources to target\classes
2024-09-05 22:23:25,468 [Worker-15: Building] INFO  o.a.m.s.f.DefaultMavenResourcesFiltering - skip non existing resourceDirectory C:\Users\diroa\Downloads\capstone_project_test-master\capstone_project_test-master\backend\micro-service-app\micro-service-app\src\test\resources
2024-09-05 22:23:57,612 [Worker-19: Building] INFO  o.a.m.s.f.DefaultMavenResourcesFiltering - Copying 1 resource from src\main\resources to target\classes
2024-09-05 22:23:57,618 [Worker-19: Building] INFO  o.a.m.s.f.DefaultMavenResourcesFiltering - Copying 0 resource from src\main\resources to target\classes
2024-09-05 22:23:57,625 [Worker-19: Building] INFO  o.a.m.s.f.DefaultMavenResourcesFiltering - skip non existing resourceDirectory C:\Users\diroa\Downloads\capstone_project_test-master\capstone_project_test-master\backend\micro-service-app\micro-service-app\src\test\resources
2024-09-05 22:24:20,195 [Worker-17: Building] INFO  o.a.m.s.f.DefaultMavenResourcesFiltering - Copying 1 resource from src\main\resources to target\classes
2024-09-05 22:24:20,202 [Worker-17: Building] INFO  o.a.m.s.f.DefaultMavenResourcesFiltering - Copying 0 resource from src\main\resources to target\classes
2024-09-05 22:24:20,208 [Worker-17: Building] INFO  o.a.m.s.f.DefaultMavenResourcesFiltering - skip non existing resourceDirectory C:\Users\diroa\Downloads\capstone_project_test-master\capstone_project_test-master\backend\micro-service-app\micro-service-app\src\test\resources
2024-09-05 22:27:53,189 [Worker-1: Building] INFO  o.a.m.s.f.DefaultMavenResourcesFiltering - Copying 1 resource from src\main\resources to target\classes
2024-09-05 22:27:53,199 [Worker-1: Building] INFO  o.a.m.s.f.DefaultMavenResourcesFiltering - Copying 0 resource from src\main\resources to target\classes
2024-09-05 22:27:53,214 [Worker-1: Building] INFO  o.a.m.s.f.DefaultMavenResourcesFiltering - skip non existing resourceDirectory C:\Users\diroa\Downloads\capstone_project_test-master\capstone_project_test-master\backend\micro-service-app\micro-service-app\src\test\resources
2024-09-05 22:28:28,428 [Worker-14: Building] INFO  o.a.m.s.f.DefaultMavenResourcesFiltering - Copying 1 resource from src\main\resources to target\classes
2024-09-05 22:28:28,440 [Worker-14: Building] INFO  o.a.m.s.f.DefaultMavenResourcesFiltering - Copying 0 resource from src\main\resources to target\classes
2024-09-05 22:28:28,457 [Worker-14: Building] INFO  o.a.m.s.f.DefaultMavenResourcesFiltering - skip non existing resourceDirectory C:\Users\diroa\Downloads\capstone_project_test-master\capstone_project_test-master\backend\micro-service-app\micro-service-app\src\test\resources
2024-09-05 22:28:48,958 [Worker-15: Building] INFO  o.a.m.s.f.DefaultMavenResourcesFiltering - Copying 1 resource from src\main\resources to target\classes
2024-09-05 22:28:48,967 [Worker-15: Building] INFO  o.a.m.s.f.DefaultMavenResourcesFiltering - Copying 0 resource from src\main\resources to target\classes
2024-09-05 22:28:48,986 [Worker-15: Building] INFO  o.a.m.s.f.DefaultMavenResourcesFiltering - skip non existing resourceDirectory C:\Users\diroa\Downloads\capstone_project_test-master\capstone_project_test-master\backend\micro-service-app\micro-service-app\src\test\resources
2024-09-05 22:31:20,988 [Worker-5: Building] INFO  o.a.m.s.f.DefaultMavenResourcesFiltering - Copying 1 resource from src\main\resources to target\classes
2024-09-05 22:31:20,996 [Worker-5: Building] INFO  o.a.m.s.f.DefaultMavenResourcesFiltering - Copying 0 resource from src\main\resources to target\classes
2024-09-05 22:31:21,002 [Worker-5: Building] INFO  o.a.m.s.f.DefaultMavenResourcesFiltering - skip non existing resourceDirectory C:\Users\diroa\Downloads\capstone_project_test-master\capstone_project_test-master\backend\micro-service-app\micro-service-app\src\test\resources
2024-09-05 22:33:59,383 [Worker-1: Building] INFO  o.a.m.s.f.DefaultMavenResourcesFiltering - Copying 1 resource from src\main\resources to target\classes
2024-09-05 22:33:59,391 [Worker-1: Building] INFO  o.a.m.s.f.DefaultMavenResourcesFiltering - Copying 0 resource from src\main\resources to target\classes
2024-09-05 22:33:59,397 [Worker-1: Building] INFO  o.a.m.s.f.DefaultMavenResourcesFiltering - skip non existing resourceDirectory C:\Users\diroa\Downloads\capstone_project_test-master\capstone_project_test-master\backend\micro-service-app\micro-service-app\src\test\resources
2024-09-05 22:35:49,556 [Worker-17: Building] INFO  o.a.m.s.f.DefaultMavenResourcesFiltering - Copying 1 resource from src\main\resources to target\classes
2024-09-05 22:35:49,562 [Worker-17: Building] INFO  o.a.m.s.f.DefaultMavenResourcesFiltering - Copying 0 resource from src\main\resources to target\classes
2024-09-05 22:35:49,568 [Worker-17: Building] INFO  o.a.m.s.f.DefaultMavenResourcesFiltering - skip non existing resourceDirectory C:\Users\diroa\Downloads\capstone_project_test-master\capstone_project_test-master\backend\micro-service-app\micro-service-app\src\test\resources
2024-09-05 22:36:09,529 [Worker-17: Building] INFO  o.a.m.s.f.DefaultMavenResourcesFiltering - Copying 1 resource from src\main\resources to target\classes
2024-09-05 22:36:09,539 [Worker-17: Building] INFO  o.a.m.s.f.DefaultMavenResourcesFiltering - Copying 0 resource from src\main\resources to target\classes
2024-09-05 22:36:09,545 [Worker-17: Building] INFO  o.a.m.s.f.DefaultMavenResourcesFiltering - skip non existing resourceDirectory C:\Users\diroa\Downloads\capstone_project_test-master\capstone_project_test-master\backend\micro-service-app\micro-service-app\src\test\resources
2024-09-05 22:39:11,122 [Worker-21: Building] INFO  o.a.m.s.f.DefaultMavenResourcesFiltering - Copying 1 resource from src\main\resources to target\classes
2024-09-05 22:39:11,137 [Worker-21: Building] INFO  o.a.m.s.f.DefaultMavenResourcesFiltering - Copying 0 resource from src\main\resources to target\classes
2024-09-05 22:39:11,145 [Worker-21: Building] INFO  o.a.m.s.f.DefaultMavenResourcesFiltering - skip non existing resourceDirectory C:\Users\diroa\Downloads\capstone_project_test-master\capstone_project_test-master\backend\micro-service-app\micro-service-app\src\test\resources
2024-09-05 22:39:22,789 [Worker-21: Building] INFO  o.a.m.s.f.DefaultMavenResourcesFiltering - Copying 1 resource from src\main\resources to target\classes
2024-09-05 22:39:22,795 [Worker-21: Building] INFO  o.a.m.s.f.DefaultMavenResourcesFiltering - Copying 0 resource from src\main\resources to target\classes
2024-09-05 22:39:22,799 [Worker-21: Building] INFO  o.a.m.s.f.DefaultMavenResourcesFiltering - skip non existing resourceDirectory C:\Users\diroa\Downloads\capstone_project_test-master\capstone_project_test-master\backend\micro-service-app\micro-service-app\src\test\resources
2024-09-05 22:40:12,678 [Worker-23: Building] INFO  o.a.m.s.f.DefaultMavenResourcesFiltering - Copying 1 resource from src\main\resources to target\classes
2024-09-05 22:40:12,685 [Worker-23: Building] INFO  o.a.m.s.f.DefaultMavenResourcesFiltering - Copying 0 resource from src\main\resources to target\classes
2024-09-05 22:40:12,688 [Worker-23: Building] INFO  o.a.m.s.f.DefaultMavenResourcesFiltering - skip non existing resourceDirectory C:\Users\diroa\Downloads\capstone_project_test-master\capstone_project_test-master\backend\micro-service-app\micro-service-app\src\test\resources
2024-09-05 22:42:00,227 [Worker-24: Building] INFO  o.a.m.s.f.DefaultMavenResourcesFiltering - Copying 1 resource from src\main\resources to target\classes
2024-09-05 22:42:00,258 [Worker-24: Building] INFO  o.a.m.s.f.DefaultMavenResourcesFiltering - Copying 0 resource from src\main\resources to target\classes
2024-09-05 22:42:00,262 [Worker-24: Building] INFO  o.a.m.s.f.DefaultMavenResourcesFiltering - skip non existing resourceDirectory C:\Users\diroa\Downloads\capstone_project_test-master\capstone_project_test-master\backend\micro-service-app\micro-service-app\src\test\resources
2024-09-05 23:25:09,352 [Worker-33: Building] INFO  o.a.m.s.f.DefaultMavenResourcesFiltering - Copying 1 resource from src\main\resources to target\classes
2024-09-05 23:25:09,540 [Worker-33: Building] INFO  o.a.m.s.f.DefaultMavenResourcesFiltering - Copying 0 resource from src\main\resources to target\classes
2024-09-05 23:25:09,552 [Worker-33: Building] INFO  o.a.m.s.f.DefaultMavenResourcesFiltering - skip non existing resourceDirectory C:\Users\diroa\Downloads\capstone_project_test-master\capstone_project_test-master\backend\micro-service-app\micro-service-app\src\test\resources
2024-09-05 23:37:55,877 [Worker-37: Building] INFO  o.a.m.s.f.DefaultMavenResourcesFiltering - Copying 1 resource from src\main\resources to target\classes
2024-09-05 23:37:55,915 [Worker-37: Building] INFO  o.a.m.s.f.DefaultMavenResourcesFiltering - Copying 0 resource from src\main\resources to target\classes
2024-09-05 23:37:55,927 [Worker-37: Building] INFO  o.a.m.s.f.DefaultMavenResourcesFiltering - skip non existing resourceDirectory C:\Users\diroa\Downloads\capstone_project_test-master\capstone_project_test-master\backend\micro-service-app\micro-service-app\src\test\resources
2024-09-06 11:55:04,135 [Worker-1: Loading available Gradle versions] INFO  o.e.b.c.i.u.g.PublishedGradleVersions - Gradle version information cache is up-to-date. Trying to read.
2024-09-06 13:29:10,721 [Worker-32: Building] INFO  o.e.m.c.i.l.LifecycleMappingFactory - Using org.eclipse.m2e.jdt.JarLifecycleMapping lifecycle mapping for MavenProject: com.example:Login-app-micro-service:0.0.1-SNAPSHOT @ C:\Users\diroa\OneDrive\Desktop\Simplilearn\Notes\CBFullStackJanCohort2024\capstone project\backend\Login-app-micro-service\Login-app-micro-service\pom.xml.
2024-09-06 13:29:13,774 [Worker-32: Building] INFO  o.a.m.s.f.DefaultMavenResourcesFiltering - Copying 1 resource from src\main\resources to target\classes
2024-09-06 13:29:13,799 [Worker-32: Building] INFO  o.a.m.s.f.DefaultMavenResourcesFiltering - Copying 0 resource from src\main\resources to target\classes
2024-09-06 13:29:13,809 [Worker-32: Building] INFO  o.a.m.s.f.DefaultMavenResourcesFiltering - skip non existing resourceDirectory C:\Users\diroa\OneDrive\Desktop\Simplilearn\Notes\CBFullStackJanCohort2024\capstone project\backend\Login-app-micro-service\Login-app-micro-service\src\test\resources
2024-09-06 13:29:14,825 [Worker-23: Updating Maven Dependencies] INFO  o.e.m.c.i.l.LifecycleMappingFactory - Using org.eclipse.m2e.jdt.JarLifecycleMapping lifecycle mapping for MavenProject: com.example:Login-app-micro-service:0.0.1-SNAPSHOT @ C:\Users\diroa\OneDrive\Desktop\Simplilearn\Notes\CBFullStackJanCohort2024\capstone project\backend\Login-app-micro-service\Login-app-micro-service\pom.xml.
2024-09-06 13:29:16,625 [Worker-40: Building] INFO  o.a.m.s.f.DefaultMavenResourcesFiltering - Copying 1 resource from src\main\resources to target\classes
2024-09-06 13:29:16,650 [Worker-40: Building] INFO  o.a.m.s.f.DefaultMavenResourcesFiltering - Copying 0 resource from src\main\resources to target\classes
2024-09-06 13:29:16,655 [Worker-40: Building] INFO  o.a.m.s.f.DefaultMavenResourcesFiltering - skip non existing resourceDirectory C:\Users\diroa\OneDrive\Desktop\Simplilearn\Notes\CBFullStackJanCohort2024\capstone project\backend\Login-app-micro-service\Login-app-micro-service\src\test\resources
2024-09-06 13:29:17,329 [Worker-40: Building] INFO  o.a.m.s.f.DefaultMavenResourcesFiltering - Copying 1 resource from src\main\resources to target\classes
2024-09-06 13:29:17,332 [Worker-40: Building] INFO  o.a.m.s.f.DefaultMavenResourcesFiltering - Copying 0 resource from src\main\resources to target\classes
2024-09-06 13:29:17,338 [Worker-40: Building] INFO  o.a.m.s.f.DefaultMavenResourcesFiltering - skip non existing resourceDirectory C:\Users\diroa\OneDrive\Desktop\Simplilearn\Notes\CBFullStackJanCohort2024\capstone project\backend\Login-app-micro-service\Login-app-micro-service\src\test\resources
2024-09-06 13:30:56,947 [Worker-37: Building] INFO  o.e.m.c.i.l.LifecycleMappingFactory - Using org.eclipse.m2e.jdt.JarLifecycleMapping lifecycle mapping for MavenProject: com.example:Login-app-micro-service:0.0.1-SNAPSHOT @ C:\Users\diroa\OneDrive\Desktop\Simplilearn\Notes\CBFullStackJanCohort2024\capstone project\backend\Login-app-micro-service\Login-app-micro-service\pom.xml.
2024-09-06 13:30:58,607 [Worker-37: Building] INFO  o.a.m.s.f.DefaultMavenResourcesFiltering - Copying 0 resource from src\main\resources to target\classes
2024-09-06 13:30:58,609 [Worker-37: Building] INFO  o.a.m.s.f.DefaultMavenResourcesFiltering - Copying 0 resource from src\main\resources to target\classes
2024-09-06 13:30:58,613 [Worker-37: Building] INFO  o.a.m.s.f.DefaultMavenResourcesFiltering - skip non existing resourceDirectory C:\Users\diroa\OneDrive\Desktop\Simplilearn\Notes\CBFullStackJanCohort2024\capstone project\backend\Login-app-micro-service\Login-app-micro-service\src\test\resources
2024-09-06 13:30:59,931 [Worker-11: Building] INFO  o.a.m.s.f.DefaultMavenResourcesFiltering - Copying 1 resource from src\main\resources to target\classes
2024-09-06 13:30:59,948 [Worker-11: Building] INFO  o.a.m.s.f.DefaultMavenResourcesFiltering - Copying 0 resource from src\main\resources to target\classes
2024-09-06 13:30:59,952 [Worker-11: Building] INFO  o.a.m.s.f.DefaultMavenResourcesFiltering - skip non existing resourceDirectory C:\Users\diroa\OneDrive\Desktop\Simplilearn\Notes\CBFullStackJanCohort2024\capstone project\backend\Login-app-micro-service\Login-app-micro-service\src\test\resources
2024-09-06 13:34:43,899 [Worker-40: Update Maven projects configuration] INFO  o.e.m.c.i.p.ProjectConfigurationManager - Update started
2024-09-06 13:34:44,990 [Worker-40: Update Maven projects configuration] INFO  o.e.m.c.i.l.LifecycleMappingFactory - Using org.eclipse.m2e.jdt.JarLifecycleMapping lifecycle mapping for MavenProject: com:movies-login-micro-service:0.0.1-SNAPSHOT @ C:\Users\diroa\OneDrive\Desktop\Phase-5-Capstone\phase-5-capstone\backend\movies-login-micro-service\movies-login-micro-service\pom.xml.
2024-09-06 13:34:47,850 [Worker-40: Update Maven projects configuration] INFO  o.e.m.j.i.AbstractJavaProjectConfigurator - Adding source folder /movies-login-micro-service_movies-login-micro-service/src/main/java
2024-09-06 13:34:47,854 [Worker-40: Update Maven projects configuration] INFO  o.e.m.j.i.AbstractJavaProjectConfigurator - Adding resource folder /movies-login-micro-service_movies-login-micro-service/src/main/resources
2024-09-06 13:34:47,867 [Worker-40: Update Maven projects configuration] INFO  o.e.m.j.i.AbstractJavaProjectConfigurator - Adding resource folder /movies-login-micro-service_movies-login-micro-service/src/main/resources
2024-09-06 13:34:47,878 [Worker-40: Update Maven projects configuration] INFO  o.e.m.j.i.AbstractJavaProjectConfigurator - Adding source folder /movies-login-micro-service_movies-login-micro-service/src/test/java
2024-09-06 13:34:47,880 [Worker-40: Update Maven projects configuration] INFO  o.e.m.j.i.AbstractJavaProjectConfigurator - Adding resource folder /movies-login-micro-service_movies-login-micro-service/src/test/resources
2024-09-06 13:34:49,737 [Worker-42: Building] INFO  o.a.m.s.f.DefaultMavenResourcesFiltering - Copying 1 resource from src\main\resources to target\classes
2024-09-06 13:34:49,779 [Worker-42: Building] INFO  o.a.m.s.f.DefaultMavenResourcesFiltering - Copying 0 resource from src\main\resources to target\classes
2024-09-06 13:34:49,785 [Worker-42: Building] INFO  o.a.m.s.f.DefaultMavenResourcesFiltering - skip non existing resourceDirectory C:\Users\diroa\OneDrive\Desktop\Phase-5-Capstone\phase-5-capstone\backend\movies-login-micro-service\movies-login-micro-service\src\test\resources
2024-09-06 13:34:50,077 [Worker-40: Update Maven projects configuration] INFO  o.e.m.c.i.p.ProjectConfigurationManager - Update completed for 1 poms: local refresh takes 0.00 sec, refresh facades takes 3.00 sec, update config takes 2.00 sec 
2024-09-06 13:34:51,243 [Worker-44: Building] INFO  o.a.m.s.f.DefaultMavenResourcesFiltering - Copying 1 resource from src\main\resources to target\classes
2024-09-06 13:34:51,247 [Worker-44: Building] INFO  o.a.m.s.f.DefaultMavenResourcesFiltering - Copying 0 resource from src\main\resources to target\classes
2024-09-06 13:34:51,251 [Worker-44: Building] INFO  o.a.m.s.f.DefaultMavenResourcesFiltering - skip non existing resourceDirectory C:\Users\diroa\OneDrive\Desktop\Phase-5-Capstone\phase-5-capstone\backend\movies-login-micro-service\movies-login-micro-service\src\test\resources
2024-09-06 22:35:35,941 [Worker-44: Building] INFO  o.a.m.s.f.DefaultMavenResourcesFiltering - Copying 1 resource from src\main\resources to target\classes
2024-09-06 22:35:35,995 [Worker-44: Building] INFO  o.a.m.s.f.DefaultMavenResourcesFiltering - Copying 0 resource from src\main\resources to target\classes
2024-09-06 22:35:36,000 [Worker-44: Building] INFO  o.a.m.s.f.DefaultMavenResourcesFiltering - skip non existing resourceDirectory C:\Users\diroa\OneDrive\Desktop\Phase-5-Capstone\phase-5-capstone\backend\movies-login-micro-service\movies-login-micro-service\src\test\resources
2024-09-06 22:35:56,147 [Worker-48: Building] INFO  o.a.m.s.f.DefaultMavenResourcesFiltering - Copying 1 resource from src\main\resources to target\classes
2024-09-06 22:35:56,186 [Worker-48: Building] INFO  o.a.m.s.f.DefaultMavenResourcesFiltering - Copying 0 resource from src\main\resources to target\classes
2024-09-06 22:35:56,193 [Worker-48: Building] INFO  o.a.m.s.f.DefaultMavenResourcesFiltering - skip non existing resourceDirectory C:\Users\diroa\OneDrive\Desktop\Phase-5-Capstone\phase-5-capstone\backend\movies-login-micro-service\movies-login-micro-service\src\test\resources
2024-09-06 22:40:57,196 [Worker-44: Building] INFO  o.a.m.s.f.DefaultMavenResourcesFiltering - Copying 1 resource from src\main\resources to target\classes
2024-09-06 22:40:57,267 [Worker-44: Building] INFO  o.a.m.s.f.DefaultMavenResourcesFiltering - Copying 0 resource from src\main\resources to target\classes
2024-09-06 22:40:57,270 [Worker-44: Building] INFO  o.a.m.s.f.DefaultMavenResourcesFiltering - skip non existing resourceDirectory C:\Users\diroa\OneDrive\Desktop\Phase-5-Capstone\phase-5-capstone\backend\movies-login-micro-service\movies-login-micro-service\src\test\resources
2024-09-06 22:42:39,440 [Worker-44: Building] INFO  o.a.m.s.f.DefaultMavenResourcesFiltering - Copying 1 resource from src\main\resources to target\classes
2024-09-06 22:42:39,450 [Worker-44: Building] INFO  o.a.m.s.f.DefaultMavenResourcesFiltering - Copying 0 resource from src\main\resources to target\classes
2024-09-06 22:42:39,454 [Worker-44: Building] INFO  o.a.m.s.f.DefaultMavenResourcesFiltering - skip non existing resourceDirectory C:\Users\diroa\OneDrive\Desktop\Phase-5-Capstone\phase-5-capstone\backend\movies-login-micro-service\movies-login-micro-service\src\test\resources
2024-09-06 22:46:46,954 [Worker-54: Building] INFO  o.a.m.s.f.DefaultMavenResourcesFiltering - Copying 1 resource from src\main\resources to target\classes
2024-09-06 22:46:46,960 [Worker-54: Building] INFO  o.a.m.s.f.DefaultMavenResourcesFiltering - Copying 0 resource from src\main\resources to target\classes
2024-09-06 22:46:46,964 [Worker-54: Building] INFO  o.a.m.s.f.DefaultMavenResourcesFiltering - skip non existing resourceDirectory C:\Users\diroa\OneDrive\Desktop\Phase-5-Capstone\phase-5-capstone\backend\movies-login-micro-service\movies-login-micro-service\src\test\resources
2024-09-06 22:47:05,721 [Worker-54: Building] INFO  o.a.m.s.f.DefaultMavenResourcesFiltering - Copying 1 resource from src\main\resources to target\classes
2024-09-06 22:47:05,727 [Worker-54: Building] INFO  o.a.m.s.f.DefaultMavenResourcesFiltering - Copying 0 resource from src\main\resources to target\classes
2024-09-06 22:47:05,731 [Worker-54: Building] INFO  o.a.m.s.f.DefaultMavenResourcesFiltering - skip non existing resourceDirectory C:\Users\diroa\OneDrive\Desktop\Phase-5-Capstone\phase-5-capstone\backend\movies-login-micro-service\movies-login-micro-service\src\test\resources
2024-09-06 22:48:32,335 [Worker-57: Building] INFO  o.a.m.s.f.DefaultMavenResourcesFiltering - Copying 1 resource from src\main\resources to target\classes
2024-09-06 22:48:32,344 [Worker-57: Building] INFO  o.a.m.s.f.DefaultMavenResourcesFiltering - Copying 0 resource from src\main\resources to target\classes
2024-09-06 22:48:32,352 [Worker-57: Building] INFO  o.a.m.s.f.DefaultMavenResourcesFiltering - skip non existing resourceDirectory C:\Users\diroa\OneDrive\Desktop\Simplilearn\Notes\CBFullStackJanCohort2024\capstone project\backend\Login-app-micro-service\Login-app-micro-service\src\test\resources
2024-09-06 22:48:48,981 [Worker-57: Building] INFO  o.a.m.s.f.DefaultMavenResourcesFiltering - Copying 1 resource from src\main\resources to target\classes
2024-09-06 22:48:48,992 [Worker-57: Building] INFO  o.a.m.s.f.DefaultMavenResourcesFiltering - Copying 0 resource from src\main\resources to target\classes
2024-09-06 22:48:48,997 [Worker-57: Building] INFO  o.a.m.s.f.DefaultMavenResourcesFiltering - skip non existing resourceDirectory C:\Users\diroa\OneDrive\Desktop\Simplilearn\Notes\CBFullStackJanCohort2024\capstone project\backend\Login-app-micro-service\Login-app-micro-service\src\test\resources
2024-09-06 22:49:05,682 [Worker-54: Building] INFO  o.a.m.s.f.DefaultMavenResourcesFiltering - Copying 1 resource from src\main\resources to target\classes
2024-09-06 22:49:05,690 [Worker-54: Building] INFO  o.a.m.s.f.DefaultMavenResourcesFiltering - Copying 0 resource from src\main\resources to target\classes
2024-09-06 22:49:05,694 [Worker-54: Building] INFO  o.a.m.s.f.DefaultMavenResourcesFiltering - skip non existing resourceDirectory C:\Users\diroa\OneDrive\Desktop\Phase-5-Capstone\phase-5-capstone\backend\movies-login-micro-service\movies-login-micro-service\src\test\resources
2024-09-06 22:50:10,545 [Worker-57: Building] INFO  o.a.m.s.f.DefaultMavenResourcesFiltering - Copying 1 resource from src\main\resources to target\classes
2024-09-06 22:50:10,553 [Worker-57: Building] INFO  o.a.m.s.f.DefaultMavenResourcesFiltering - Copying 0 resource from src\main\resources to target\classes
2024-09-06 22:50:10,556 [Worker-57: Building] INFO  o.a.m.s.f.DefaultMavenResourcesFiltering - skip non existing resourceDirectory C:\Users\diroa\OneDrive\Desktop\Phase-5-Capstone\phase-5-capstone\backend\movies-login-micro-service\movies-login-micro-service\src\test\resources
2024-09-06 22:50:27,088 [Worker-56: Building] INFO  o.a.m.s.f.DefaultMavenResourcesFiltering - Copying 1 resource from src\main\resources to target\classes
2024-09-06 22:50:27,094 [Worker-56: Building] INFO  o.a.m.s.f.DefaultMavenResourcesFiltering - Copying 0 resource from src\main\resources to target\classes
2024-09-06 22:50:27,097 [Worker-56: Building] INFO  o.a.m.s.f.DefaultMavenResourcesFiltering - skip non existing resourceDirectory C:\Users\diroa\OneDrive\Desktop\Phase-5-Capstone\phase-5-capstone\backend\movies-login-micro-service\movies-login-micro-service\src\test\resources
2024-09-06 22:53:05,585 [Worker-58: Building] INFO  o.a.m.s.f.DefaultMavenResourcesFiltering - Copying 1 resource from src\main\resources to target\classes
2024-09-06 22:53:05,592 [Worker-58: Building] INFO  o.a.m.s.f.DefaultMavenResourcesFiltering - Copying 0 resource from src\main\resources to target\classes
2024-09-06 22:53:05,596 [Worker-58: Building] INFO  o.a.m.s.f.DefaultMavenResourcesFiltering - skip non existing resourceDirectory C:\Users\diroa\OneDrive\Desktop\Phase-5-Capstone\phase-5-capstone\backend\movies-login-micro-service\movies-login-micro-service\src\test\resources
2024-09-06 22:54:25,239 [Worker-57: Building] INFO  o.a.m.s.f.DefaultMavenResourcesFiltering - Copying 1 resource from src\main\resources to target\classes
2024-09-06 22:54:25,246 [Worker-57: Building] INFO  o.a.m.s.f.DefaultMavenResourcesFiltering - Copying 0 resource from src\main\resources to target\classes
2024-09-06 22:54:25,249 [Worker-57: Building] INFO  o.a.m.s.f.DefaultMavenResourcesFiltering - skip non existing resourceDirectory C:\Users\diroa\OneDrive\Desktop\Phase-5-Capstone\phase-5-capstone\backend\movies-login-micro-service\movies-login-micro-service\src\test\resources
2024-09-06 22:54:47,175 [Worker-53: Building] INFO  o.a.m.s.f.DefaultMavenResourcesFiltering - Copying 1 resource from src\main\resources to target\classes
2024-09-06 22:54:47,182 [Worker-53: Building] INFO  o.a.m.s.f.DefaultMavenResourcesFiltering - Copying 0 resource from src\main\resources to target\classes
2024-09-06 22:54:47,188 [Worker-53: Building] INFO  o.a.m.s.f.DefaultMavenResourcesFiltering - skip non existing resourceDirectory C:\Users\diroa\OneDrive\Desktop\Phase-5-Capstone\phase-5-capstone\backend\movies-login-micro-service\movies-login-micro-service\src\test\resources
2024-09-06 23:04:43,705 [Worker-44: Building] INFO  o.a.m.s.f.DefaultMavenResourcesFiltering - Copying 1 resource from src\main\resources to target\classes
2024-09-06 23:04:43,717 [Worker-44: Building] INFO  o.a.m.s.f.DefaultMavenResourcesFiltering - Copying 0 resource from src\main\resources to target\classes
2024-09-06 23:04:43,720 [Worker-44: Building] INFO  o.a.m.s.f.DefaultMavenResourcesFiltering - skip non existing resourceDirectory C:\Users\diroa\OneDrive\Desktop\Phase-5-Capstone\phase-5-capstone\backend\movies-login-micro-service\movies-login-micro-service\src\test\resources
2024-09-06 23:05:21,081 [Worker-54: Building] INFO  o.a.m.s.f.DefaultMavenResourcesFiltering - Copying 1 resource from src\main\resources to target\classes
2024-09-06 23:05:21,087 [Worker-54: Building] INFO  o.a.m.s.f.DefaultMavenResourcesFiltering - Copying 0 resource from src\main\resources to target\classes
2024-09-06 23:05:21,091 [Worker-54: Building] INFO  o.a.m.s.f.DefaultMavenResourcesFiltering - skip non existing resourceDirectory C:\Users\diroa\OneDrive\Desktop\Phase-5-Capstone\phase-5-capstone\backend\movies-login-micro-service\movies-login-micro-service\src\test\resources
2024-09-06 23:07:56,915 [Worker-60: Building] INFO  o.a.m.s.f.DefaultMavenResourcesFiltering - Copying 1 resource from src\main\resources to target\classes
2024-09-06 23:07:57,048 [Worker-60: Building] INFO  o.a.m.s.f.DefaultMavenResourcesFiltering - Copying 0 resource from src\main\resources to target\classes
2024-09-06 23:07:57,054 [Worker-60: Building] INFO  o.a.m.s.f.DefaultMavenResourcesFiltering - skip non existing resourceDirectory C:\Users\diroa\OneDrive\Desktop\Phase-5-Capstone\phase-5-capstone\backend\movies-login-micro-service\movies-login-micro-service\src\test\resources
2024-09-06 23:13:50,741 [Worker-1: Loading available Gradle versions] INFO  o.e.b.c.i.u.g.PublishedGradleVersions - Gradle version information cache is out-of-date. Trying to update.
2024-09-06 23:14:40,997 [Worker-1: Building] INFO  o.e.m.c.i.l.LifecycleMappingFactory - Using org.eclipse.m2e.jdt.JarLifecycleMapping lifecycle mapping for MavenProject: com.example:Login-app-micro-service:0.0.1-SNAPSHOT @ C:\Users\diroa\OneDrive\Desktop\Phase-5-Capstone\phase-5-capstone\backend\Login-app-micro-service\Login-app-micro-service\pom.xml.
2024-09-06 23:14:43,641 [Worker-1: Building] INFO  o.a.m.s.f.DefaultMavenResourcesFiltering - Copying 1 resource from src\main\resources to target\classes
2024-09-06 23:14:43,681 [Worker-1: Building] INFO  o.a.m.s.f.DefaultMavenResourcesFiltering - Copying 0 resource from src\main\resources to target\classes
2024-09-06 23:14:43,696 [Worker-1: Building] INFO  o.a.m.s.f.DefaultMavenResourcesFiltering - skip non existing resourceDirectory C:\Users\diroa\OneDrive\Desktop\Phase-5-Capstone\phase-5-capstone\backend\Login-app-micro-service\Login-app-micro-service\src\test\resources
2024-09-06 23:14:44,308 [Worker-2: Building] INFO  o.a.m.s.f.DefaultMavenResourcesFiltering - Copying 1 resource from src\main\resources to target\classes
2024-09-06 23:14:44,312 [Worker-2: Building] INFO  o.a.m.s.f.DefaultMavenResourcesFiltering - Copying 0 resource from src\main\resources to target\classes
2024-09-06 23:14:44,317 [Worker-2: Building] INFO  o.a.m.s.f.DefaultMavenResourcesFiltering - skip non existing resourceDirectory C:\Users\diroa\OneDrive\Desktop\Phase-5-Capstone\phase-5-capstone\backend\Login-app-micro-service\Login-app-micro-service\src\test\resources
2024-09-06 23:14:45,350 [Worker-5: Updating Maven Dependencies] INFO  o.e.m.c.i.l.LifecycleMappingFactory - Using org.eclipse.m2e.jdt.JarLifecycleMapping lifecycle mapping for MavenProject: com.example:Login-app-micro-service:0.0.1-SNAPSHOT @ C:\Users\diroa\OneDrive\Desktop\Phase-5-Capstone\phase-5-capstone\backend\Login-app-micro-service\Login-app-micro-service\pom.xml.
2024-09-06 23:15:35,456 [Worker-12: Building] INFO  o.a.m.s.f.DefaultMavenResourcesFiltering - Copying 1 resource from src\main\resources to target\classes
2024-09-06 23:15:35,475 [Worker-12: Building] INFO  o.a.m.s.f.DefaultMavenResourcesFiltering - Copying 0 resource from src\main\resources to target\classes
2024-09-06 23:15:35,483 [Worker-12: Building] INFO  o.a.m.s.f.DefaultMavenResourcesFiltering - skip non existing resourceDirectory C:\Users\diroa\OneDrive\Desktop\Phase-5-Capstone\phase-5-capstone\backend\Login-app-micro-service\Login-app-micro-service\src\test\resources
2024-09-06 23:16:35,769 [Worker-4: Building] INFO  o.a.m.s.f.DefaultMavenResourcesFiltering - Copying 1 resource from src\main\resources to target\classes
2024-09-06 23:16:35,778 [Worker-4: Building] INFO  o.a.m.s.f.DefaultMavenResourcesFiltering - Copying 0 resource from src\main\resources to target\classes
2024-09-06 23:16:35,786 [Worker-4: Building] INFO  o.a.m.s.f.DefaultMavenResourcesFiltering - skip non existing resourceDirectory C:\Users\diroa\OneDrive\Desktop\Phase-5-Capstone\phase-5-capstone\backend\Login-app-micro-service\Login-app-micro-service\src\test\resources
2024-09-06 23:17:00,681 [Worker-7: Building] INFO  o.a.m.s.f.DefaultMavenResourcesFiltering - Copying 1 resource from src\main\resources to target\classes
2024-09-06 23:17:00,703 [Worker-7: Building] INFO  o.a.m.s.f.DefaultMavenResourcesFiltering - Copying 0 resource from src\main\resources to target\classes
2024-09-06 23:17:00,708 [Worker-7: Building] INFO  o.a.m.s.f.DefaultMavenResourcesFiltering - skip non existing resourceDirectory C:\Users\diroa\OneDrive\Desktop\Phase-5-Capstone\phase-5-capstone\backend\Login-app-micro-service\Login-app-micro-service\src\test\resources
2024-09-06 23:17:12,784 [Worker-1: Building] INFO  o.a.m.s.f.DefaultMavenResourcesFiltering - Copying 1 resource from src\main\resources to target\classes
2024-09-06 23:17:12,794 [Worker-1: Building] INFO  o.a.m.s.f.DefaultMavenResourcesFiltering - Copying 0 resource from src\main\resources to target\classes
2024-09-06 23:17:12,806 [Worker-1: Building] INFO  o.a.m.s.f.DefaultMavenResourcesFiltering - skip non existing resourceDirectory C:\Users\diroa\OneDrive\Desktop\Phase-5-Capstone\phase-5-capstone\backend\Login-app-micro-service\Login-app-micro-service\src\test\resources
2024-09-06 23:17:23,789 [Worker-7: Building] INFO  o.a.m.s.f.DefaultMavenResourcesFiltering - Copying 1 resource from src\main\resources to target\classes
2024-09-06 23:17:23,797 [Worker-7: Building] INFO  o.a.m.s.f.DefaultMavenResourcesFiltering - Copying 0 resource from src\main\resources to target\classes
2024-09-06 23:17:23,801 [Worker-7: Building] INFO  o.a.m.s.f.DefaultMavenResourcesFiltering - skip non existing resourceDirectory C:\Users\diroa\OneDrive\Desktop\Phase-5-Capstone\phase-5-capstone\backend\Login-app-micro-service\Login-app-micro-service\src\test\resources
2024-09-06 23:17:40,416 [Worker-14: Building] INFO  o.a.m.s.f.DefaultMavenResourcesFiltering - Copying 1 resource from src\main\resources to target\classes
2024-09-06 23:17:40,423 [Worker-14: Building] INFO  o.a.m.s.f.DefaultMavenResourcesFiltering - Copying 0 resource from src\main\resources to target\classes
2024-09-06 23:17:40,425 [Worker-14: Building] INFO  o.a.m.s.f.DefaultMavenResourcesFiltering - skip non existing resourceDirectory C:\Users\diroa\OneDrive\Desktop\Phase-5-Capstone\phase-5-capstone\backend\Login-app-micro-service\Login-app-micro-service\src\test\resources
2024-09-06 23:17:55,306 [Worker-2: Building] INFO  o.a.m.s.f.DefaultMavenResourcesFiltering - Copying 1 resource from src\main\resources to target\classes
2024-09-06 23:17:55,312 [Worker-2: Building] INFO  o.a.m.s.f.DefaultMavenResourcesFiltering - Copying 0 resource from src\main\resources to target\classes
2024-09-06 23:17:55,317 [Worker-2: Building] INFO  o.a.m.s.f.DefaultMavenResourcesFiltering - skip non existing resourceDirectory C:\Users\diroa\OneDrive\Desktop\Phase-5-Capstone\phase-5-capstone\backend\Login-app-micro-service\Login-app-micro-service\src\test\resources
2024-09-07 11:54:03,680 [Worker-2: Loading available Gradle versions] INFO  o.e.b.c.i.u.g.PublishedGradleVersions - Gradle version information cache is up-to-date. Trying to read.
2024-09-07 21:53:09,142 [Worker-2: Loading available Gradle versions] INFO  o.e.b.c.i.u.g.PublishedGradleVersions - Gradle version information cache is up-to-date. Trying to read.
2024-09-07 22:03:54,080 [Worker-16: Building] INFO  o.a.m.s.f.DefaultMavenResourcesFiltering - Copying 1 resource from src\main\resources to target\classes
2024-09-07 22:03:54,153 [Worker-16: Building] INFO  o.a.m.s.f.DefaultMavenResourcesFiltering - Copying 0 resource from src\main\resources to target\classes
2024-09-07 22:03:54,165 [Worker-16: Building] INFO  o.a.m.s.f.DefaultMavenResourcesFiltering - skip non existing resourceDirectory C:\Users\diroa\Downloads\capstone_project_test-master\capstone_project_test-master\backend\eureka-server\eureka-server\src\test\resources
2024-09-07 22:06:21,799 [Worker-9: Building] INFO  o.e.m.c.i.l.LifecycleMappingFactory - Using org.eclipse.m2e.jdt.JarLifecycleMapping lifecycle mapping for MavenProject: com.example:eureka-server:0.0.1-SNAPSHOT @ C:\Users\diroa\OneDrive\Desktop\Phase-5-Capstone\phase-5-capstone\backend\eureka-server\eureka-server\pom.xml.
2024-09-07 22:06:24,179 [Worker-9: Building] INFO  o.a.m.s.f.DefaultMavenResourcesFiltering - Copying 1 resource from src\main\resources to target\classes
2024-09-07 22:06:24,201 [Worker-9: Building] INFO  o.a.m.s.f.DefaultMavenResourcesFiltering - Copying 0 resource from src\main\resources to target\classes
2024-09-07 22:06:24,209 [Worker-9: Building] INFO  o.a.m.s.f.DefaultMavenResourcesFiltering - skip non existing resourceDirectory C:\Users\diroa\OneDrive\Desktop\Phase-5-Capstone\phase-5-capstone\backend\eureka-server\eureka-server\src\test\resources
2024-09-07 22:06:24,857 [Worker-17: Building] INFO  o.a.m.s.f.DefaultMavenResourcesFiltering - Copying 1 resource from src\main\resources to target\classes
2024-09-07 22:06:24,862 [Worker-17: Building] INFO  o.a.m.s.f.DefaultMavenResourcesFiltering - Copying 0 resource from src\main\resources to target\classes
2024-09-07 22:06:24,867 [Worker-17: Building] INFO  o.a.m.s.f.DefaultMavenResourcesFiltering - skip non existing resourceDirectory C:\Users\diroa\OneDrive\Desktop\Phase-5-Capstone\phase-5-capstone\backend\eureka-server\eureka-server\src\test\resources
2024-09-07 22:10:23,268 [Worker-23: Building] INFO  o.a.m.s.f.DefaultMavenResourcesFiltering - Copying 1 resource from src\main\resources to target\classes
2024-09-07 22:10:23,293 [Worker-23: Building] INFO  o.a.m.s.f.DefaultMavenResourcesFiltering - Copying 0 resource from src\main\resources to target\classes
2024-09-07 22:10:23,298 [Worker-23: Building] INFO  o.a.m.s.f.DefaultMavenResourcesFiltering - skip non existing resourceDirectory C:\Users\diroa\Downloads\capstone_project_test-master\capstone_project_test-master\backend\micro-service-app\micro-service-app\src\test\resources
2024-09-07 22:11:19,089 [Worker-23: Building] INFO  o.e.m.c.i.l.LifecycleMappingFactory - Using org.eclipse.m2e.jdt.JarLifecycleMapping lifecycle mapping for MavenProject: com.example:movies-micro-service-app:0.0.1-SNAPSHOT @ C:\Users\diroa\Downloads\capstone_project_test-master\capstone_project_test-master\backend\micro-service-app\micro-service-app\pom.xml.
2024-09-07 22:11:19,744 [Worker-23: Building] INFO  o.a.m.s.f.DefaultMavenResourcesFiltering - Copying 0 resource from src\main\resources to target\classes
2024-09-07 22:11:19,745 [Worker-23: Building] INFO  o.a.m.s.f.DefaultMavenResourcesFiltering - Copying 0 resource from src\main\resources to target\classes
2024-09-07 22:11:19,753 [Worker-23: Building] INFO  o.a.m.s.f.DefaultMavenResourcesFiltering - skip non existing resourceDirectory C:\Users\diroa\Downloads\capstone_project_test-master\capstone_project_test-master\backend\micro-service-app\micro-service-app\src\test\resources
2024-09-07 22:13:22,945 [Worker-26: Building] INFO  o.e.m.c.i.l.LifecycleMappingFactory - Using org.eclipse.m2e.jdt.JarLifecycleMapping lifecycle mapping for MavenProject: com.example:micro-service-app:0.0.1-SNAPSHOT @ C:\Users\diroa\OneDrive\Desktop\Phase-5-Capstone\phase-5-capstone\backend\movies-micro-service-app\movies-micro-service-app\pom.xml.
2024-09-07 22:13:25,065 [Worker-26: Building] INFO  o.a.m.s.f.DefaultMavenResourcesFiltering - Copying 1 resource from src\main\resources to target\classes
2024-09-07 22:13:25,089 [Worker-26: Building] INFO  o.a.m.s.f.DefaultMavenResourcesFiltering - Copying 0 resource from src\main\resources to target\classes
2024-09-07 22:13:25,097 [Worker-26: Building] INFO  o.a.m.s.f.DefaultMavenResourcesFiltering - skip non existing resourceDirectory C:\Users\diroa\OneDrive\Desktop\Phase-5-Capstone\phase-5-capstone\backend\movies-micro-service-app\movies-micro-service-app\src\test\resources
2024-09-07 22:13:25,603 [Worker-26: Building] INFO  o.a.m.s.f.DefaultMavenResourcesFiltering - Copying 1 resource from src\main\resources to target\classes
2024-09-07 22:13:25,608 [Worker-26: Building] INFO  o.a.m.s.f.DefaultMavenResourcesFiltering - Copying 0 resource from src\main\resources to target\classes
2024-09-07 22:13:25,613 [Worker-26: Building] INFO  o.a.m.s.f.DefaultMavenResourcesFiltering - skip non existing resourceDirectory C:\Users\diroa\OneDrive\Desktop\Phase-5-Capstone\phase-5-capstone\backend\movies-micro-service-app\movies-micro-service-app\src\test\resources
2024-09-07 22:13:26,371 [Worker-9: Updating Maven Dependencies] INFO  o.e.m.c.i.l.LifecycleMappingFactory - Using org.eclipse.m2e.jdt.JarLifecycleMapping lifecycle mapping for MavenProject: com.example:micro-service-app:0.0.1-SNAPSHOT @ C:\Users\diroa\OneDrive\Desktop\Phase-5-Capstone\phase-5-capstone\backend\movies-micro-service-app\movies-micro-service-app\pom.xml.
2024-09-07 22:20:50,854 [Worker-9: Building] INFO  o.a.m.s.f.DefaultMavenResourcesFiltering - Copying 1 resource from src\main\resources to target\classes
2024-09-07 22:20:50,881 [Worker-9: Building] INFO  o.a.m.s.f.DefaultMavenResourcesFiltering - Copying 0 resource from src\main\resources to target\classes
2024-09-07 22:20:50,888 [Worker-9: Building] INFO  o.a.m.s.f.DefaultMavenResourcesFiltering - skip non existing resourceDirectory C:\Users\diroa\OneDrive\Desktop\Phase-5-Capstone\phase-5-capstone\backend\movies-micro-service-app\movies-micro-service-app\src\test\resources
2024-09-07 22:22:36,662 [Worker-34: Building] INFO  o.e.m.c.i.l.LifecycleMappingFactory - Using org.eclipse.m2e.jdt.JarLifecycleMapping lifecycle mapping for MavenProject: com.example:micro-service-app:0.0.1-SNAPSHOT @ C:\Users\diroa\OneDrive\Desktop\Phase-5-Capstone\phase-5-capstone\backend\movies-micro-service-app\movies-micro-service-app\pom.xml.
2024-09-07 22:22:40,175 [Worker-34: Building] INFO  o.a.m.s.f.DefaultMavenResourcesFiltering - Copying 1 resource from src\main\resources to target\classes
2024-09-07 22:22:40,210 [Worker-34: Building] INFO  o.a.m.s.f.DefaultMavenResourcesFiltering - Copying 0 resource from src\main\resources to target\classes
2024-09-07 22:22:40,217 [Worker-34: Building] INFO  o.a.m.s.f.DefaultMavenResourcesFiltering - skip non existing resourceDirectory C:\Users\diroa\OneDrive\Desktop\Phase-5-Capstone\phase-5-capstone\backend\movies-micro-service-app\movies-micro-service-app\src\test\resources
2024-09-07 22:22:41,609 [Worker-38: Building] INFO  o.a.m.s.f.DefaultMavenResourcesFiltering - Copying 1 resource from src\main\resources to target\classes
2024-09-07 22:22:41,613 [Worker-38: Building] INFO  o.a.m.s.f.DefaultMavenResourcesFiltering - Copying 0 resource from src\main\resources to target\classes
2024-09-07 22:22:41,619 [Worker-38: Building] INFO  o.a.m.s.f.DefaultMavenResourcesFiltering - skip non existing resourceDirectory C:\Users\diroa\OneDrive\Desktop\Phase-5-Capstone\phase-5-capstone\backend\movies-micro-service-app\movies-micro-service-app\src\test\resources
2024-09-07 22:24:16,960 [Worker-36: Building] INFO  o.e.m.c.i.l.LifecycleMappingFactory - Using org.eclipse.m2e.jdt.JarLifecycleMapping lifecycle mapping for MavenProject: com.example:movies-micro-service-app:0.0.1-SNAPSHOT @ C:\Users\diroa\OneDrive\Desktop\Capstone-Final\backend\movies-micro-service-app\movies-micro-service-app\pom.xml.
2024-09-07 22:24:18,745 [Worker-36: Building] INFO  o.a.m.s.f.DefaultMavenResourcesFiltering - Copying 1 resource from src\main\resources to target\classes
2024-09-07 22:24:18,765 [Worker-36: Building] INFO  o.a.m.s.f.DefaultMavenResourcesFiltering - Copying 0 resource from src\main\resources to target\classes
2024-09-07 22:24:18,771 [Worker-36: Building] INFO  o.a.m.s.f.DefaultMavenResourcesFiltering - Copying 0 resource from src\test\resources to target\test-classes
2024-09-07 22:24:20,382 [Worker-37: Updating Maven Dependencies] INFO  o.e.m.c.i.l.LifecycleMappingFactory - Using org.eclipse.m2e.jdt.JarLifecycleMapping lifecycle mapping for MavenProject: com.example:movies-micro-service-app:0.0.1-SNAPSHOT @ C:\Users\diroa\OneDrive\Desktop\Capstone-Final\backend\movies-micro-service-app\movies-micro-service-app\pom.xml.
2024-09-07 22:24:20,475 [Worker-9: Building] INFO  o.a.m.s.f.DefaultMavenResourcesFiltering - Copying 1 resource from src\main\resources to target\classes
2024-09-07 22:24:20,629 [Worker-9: Building] INFO  o.a.m.s.f.DefaultMavenResourcesFiltering - Copying 0 resource from src\main\resources to target\classes
2024-09-07 22:24:20,649 [Worker-9: Building] INFO  o.a.m.s.f.DefaultMavenResourcesFiltering - Copying 0 resource from src\test\resources to target\test-classes
2024-09-07 22:26:48,119 [Worker-0: Loading available Gradle versions] INFO  o.e.b.c.i.u.g.PublishedGradleVersions - Gradle version information cache is up-to-date. Trying to read.
2024-09-07 22:28:01,217 [Worker-8: Updating Maven Dependencies] INFO  o.e.m.c.i.l.LifecycleMappingFactory - Using org.eclipse.m2e.jdt.JarLifecycleMapping lifecycle mapping for MavenProject: com.example:movies-micro-service-app:0.0.1-SNAPSHOT @ C:\Users\diroa\OneDrive\Desktop\Phase-5-Capstone\phase-5-capstone\backend\movies-micro-service-app\movies-micro-service-app\pom.xml.
2024-09-07 22:28:02,796 [Worker-16: Building] INFO  o.e.m.c.i.l.LifecycleMappingFactory - Using org.eclipse.m2e.jdt.JarLifecycleMapping lifecycle mapping for MavenProject: com.example:movies-micro-service-app:0.0.1-SNAPSHOT @ C:\Users\diroa\OneDrive\Desktop\Phase-5-Capstone\phase-5-capstone\backend\movies-micro-service-app\movies-micro-service-app\pom.xml.
2024-09-07 22:28:04,190 [Worker-16: Building] INFO  o.a.m.s.f.DefaultMavenResourcesFiltering - Copying 1 resource from src\main\resources to target\classes
2024-09-07 22:28:04,212 [Worker-16: Building] INFO  o.a.m.s.f.DefaultMavenResourcesFiltering - Copying 0 resource from src\main\resources to target\classes
2024-09-07 22:28:04,221 [Worker-16: Building] INFO  o.a.m.s.f.DefaultMavenResourcesFiltering - Copying 0 resource from src\test\resources to target\test-classes
2024-09-07 22:28:08,112 [Worker-9: Updating Maven Dependencies] INFO  o.e.m.c.i.l.LifecycleMappingFactory - Using org.eclipse.m2e.jdt.JarLifecycleMapping lifecycle mapping for MavenProject: com.example:movies-micro-service-app:0.0.1-SNAPSHOT @ C:\Users\diroa\OneDrive\Desktop\Phase-5-Capstone\phase-5-capstone\backend\movies-micro-service-app\movies-micro-service-app\pom.xml.
2024-09-07 22:28:08,206 [Worker-0: Building] INFO  o.a.m.s.f.DefaultMavenResourcesFiltering - Copying 1 resource from src\main\resources to target\classes
2024-09-07 22:28:08,239 [Worker-0: Building] INFO  o.a.m.s.f.DefaultMavenResourcesFiltering - Copying 0 resource from src\main\resources to target\classes
2024-09-07 22:28:08,255 [Worker-0: Building] INFO  o.a.m.s.f.DefaultMavenResourcesFiltering - Copying 0 resource from src\test\resources to target\test-classes
2024-09-07 22:30:02,166 [Worker-0: Building] INFO  o.e.m.c.i.l.LifecycleMappingFactory - Using org.eclipse.m2e.jdt.JarLifecycleMapping lifecycle mapping for MavenProject: com:movies-login-micro-service:0.0.1-SNAPSHOT @ C:\Users\diroa\OneDrive\Desktop\Phase-5-Capstone\phase-5-capstone\backend\movies-login-micro-service\movies-login-micro-service\pom.xml.
2024-09-07 22:30:04,224 [Worker-0: Building] INFO  o.a.m.s.f.DefaultMavenResourcesFiltering - Copying 1 resource from src\main\resources to target\classes
2024-09-07 22:30:04,243 [Worker-0: Building] INFO  o.a.m.s.f.DefaultMavenResourcesFiltering - Copying 0 resource from src\main\resources to target\classes
2024-09-07 22:30:04,251 [Worker-0: Building] INFO  o.a.m.s.f.DefaultMavenResourcesFiltering - skip non existing resourceDirectory C:\Users\diroa\OneDrive\Desktop\Phase-5-Capstone\phase-5-capstone\backend\movies-login-micro-service\movies-login-micro-service\src\test\resources
2024-09-07 22:30:07,687 [Worker-1: Updating Maven Dependencies] INFO  o.e.m.c.i.l.LifecycleMappingFactory - Using org.eclipse.m2e.jdt.JarLifecycleMapping lifecycle mapping for MavenProject: com:movies-login-micro-service:0.0.1-SNAPSHOT @ C:\Users\diroa\OneDrive\Desktop\Phase-5-Capstone\phase-5-capstone\backend\movies-login-micro-service\movies-login-micro-service\pom.xml.
2024-09-07 22:30:07,813 [Worker-17: Building] INFO  o.a.m.s.f.DefaultMavenResourcesFiltering - Copying 1 resource from src\main\resources to target\classes
2024-09-07 22:30:07,843 [Worker-17: Building] INFO  o.a.m.s.f.DefaultMavenResourcesFiltering - Copying 0 resource from src\main\resources to target\classes
2024-09-07 22:30:07,852 [Worker-17: Building] INFO  o.a.m.s.f.DefaultMavenResourcesFiltering - skip non existing resourceDirectory C:\Users\diroa\OneDrive\Desktop\Phase-5-Capstone\phase-5-capstone\backend\movies-login-micro-service\movies-login-micro-service\src\test\resources
2024-09-07 22:40:19,766 [Worker-19: Building] INFO  o.e.m.c.i.l.LifecycleMappingFactory - Using org.eclipse.m2e.jdt.JarLifecycleMapping lifecycle mapping for MavenProject: com:movies-login-micro-service:0.0.1-SNAPSHOT @ C:\Users\diroa\OneDrive\Desktop\Phase-5-Capstone\phase-5-capstone\backend\movies-login-micro-service\movies-login-micro-service\pom.xml.
2024-09-07 22:40:22,934 [Worker-19: Building] INFO  o.a.m.s.f.DefaultMavenResourcesFiltering - Copying 1 resource from src\main\resources to target\classes
2024-09-07 22:40:22,973 [Worker-19: Building] INFO  o.a.m.s.f.DefaultMavenResourcesFiltering - Copying 0 resource from src\main\resources to target\classes
2024-09-07 22:40:22,985 [Worker-19: Building] INFO  o.a.m.s.f.DefaultMavenResourcesFiltering - skip non existing resourceDirectory C:\Users\diroa\OneDrive\Desktop\Phase-5-Capstone\phase-5-capstone\backend\movies-login-micro-service\movies-login-micro-service\src\test\resources
2024-09-07 22:40:25,145 [Worker-19: Building] INFO  o.a.m.s.f.DefaultMavenResourcesFiltering - Copying 1 resource from src\main\resources to target\classes
2024-09-07 22:40:25,150 [Worker-19: Building] INFO  o.a.m.s.f.DefaultMavenResourcesFiltering - Copying 0 resource from src\main\resources to target\classes
2024-09-07 22:40:25,155 [Worker-19: Building] INFO  o.a.m.s.f.DefaultMavenResourcesFiltering - skip non existing resourceDirectory C:\Users\diroa\OneDrive\Desktop\Phase-5-Capstone\phase-5-capstone\backend\movies-login-micro-service\movies-login-micro-service\src\test\resources
2024-09-07 22:44:46,311 [Worker-1: Loading available Gradle versions] INFO  o.e.b.c.i.u.g.PublishedGradleVersions - Gradle version information cache is up-to-date. Trying to read.
2024-09-07 22:45:25,450 [Worker-1: Building] INFO  o.e.m.c.i.l.LifecycleMappingFactory - Using org.eclipse.m2e.jdt.JarLifecycleMapping lifecycle mapping for MavenProject: com.example:micro-service-app:0.0.1-SNAPSHOT @ C:\Users\diroa\OneDrive\Desktop\Phase-5-Capstone\phase-5-capstone\backend\movies-micro-service-app\movies-micro-service-app\pom.xml.
2024-09-07 22:45:29,085 [Worker-1: Building] INFO  o.a.m.s.f.DefaultMavenResourcesFiltering - Copying 1 resource from src\main\resources to target\classes
2024-09-07 22:45:29,142 [Worker-1: Building] INFO  o.a.m.s.f.DefaultMavenResourcesFiltering - Copying 0 resource from src\main\resources to target\classes
2024-09-07 22:45:29,159 [Worker-1: Building] INFO  o.a.m.s.f.DefaultMavenResourcesFiltering - skip non existing resourceDirectory C:\Users\diroa\OneDrive\Desktop\Phase-5-Capstone\phase-5-capstone\backend\movies-micro-service-app\movies-micro-service-app\src\test\resources
2024-09-07 22:45:30,867 [Worker-7: Building] INFO  o.a.m.s.f.DefaultMavenResourcesFiltering - Copying 1 resource from src\main\resources to target\classes
2024-09-07 22:45:30,871 [Worker-7: Building] INFO  o.a.m.s.f.DefaultMavenResourcesFiltering - Copying 0 resource from src\main\resources to target\classes
2024-09-07 22:45:30,878 [Worker-7: Building] INFO  o.a.m.s.f.DefaultMavenResourcesFiltering - skip non existing resourceDirectory C:\Users\diroa\OneDrive\Desktop\Phase-5-Capstone\phase-5-capstone\backend\movies-micro-service-app\movies-micro-service-app\src\test\resources
2024-09-07 22:46:47,365 [Worker-14: Building] INFO  o.a.m.s.f.DefaultMavenResourcesFiltering - Copying 1 resource from src\main\resources to target\classes
2024-09-07 22:46:47,376 [Worker-14: Building] INFO  o.a.m.s.f.DefaultMavenResourcesFiltering - Copying 0 resource from src\main\resources to target\classes
2024-09-07 22:46:47,382 [Worker-14: Building] INFO  o.a.m.s.f.DefaultMavenResourcesFiltering - skip non existing resourceDirectory C:\Users\diroa\OneDrive\Desktop\Phase-5-Capstone\phase-5-capstone\backend\movies-micro-service-app\movies-micro-service-app\src\test\resources
2024-09-07 22:46:58,539 [Worker-2: Building] INFO  o.e.m.c.i.l.LifecycleMappingFactory - Using org.eclipse.m2e.jdt.JarLifecycleMapping lifecycle mapping for MavenProject: com.example:micro-service-app:0.0.1-SNAPSHOT @ C:\Users\diroa\OneDrive\Desktop\Phase-5-Capstone\phase-5-capstone\backend\movies-micro-service-app\movies-micro-service-app\pom.xml.
2024-09-07 22:47:01,053 [Worker-2: Building] INFO  o.a.m.s.f.DefaultMavenResourcesFiltering - Copying 1 resource from src\main\resources to target\classes
2024-09-07 22:47:01,079 [Worker-2: Building] INFO  o.a.m.s.f.DefaultMavenResourcesFiltering - Copying 0 resource from src\main\resources to target\classes
2024-09-07 22:47:01,091 [Worker-2: Building] INFO  o.a.m.s.f.DefaultMavenResourcesFiltering - skip non existing resourceDirectory C:\Users\diroa\OneDrive\Desktop\Phase-5-Capstone\phase-5-capstone\backend\movies-micro-service-app\movies-micro-service-app\src\test\resources
2024-09-07 22:47:01,933 [Worker-12: Building] INFO  o.a.m.s.f.DefaultMavenResourcesFiltering - Copying 1 resource from src\main\resources to target\classes
2024-09-07 22:47:01,940 [Worker-12: Building] INFO  o.a.m.s.f.DefaultMavenResourcesFiltering - Copying 0 resource from src\main\resources to target\classes
2024-09-07 22:47:01,946 [Worker-12: Building] INFO  o.a.m.s.f.DefaultMavenResourcesFiltering - skip non existing resourceDirectory C:\Users\diroa\OneDrive\Desktop\Phase-5-Capstone\phase-5-capstone\backend\movies-micro-service-app\movies-micro-service-app\src\test\resources
2024-09-07 22:47:26,085 [Worker-4: Building] INFO  o.a.m.s.f.DefaultMavenResourcesFiltering - Copying 1 resource from src\main\resources to target\classes
2024-09-07 22:47:26,092 [Worker-4: Building] INFO  o.a.m.s.f.DefaultMavenResourcesFiltering - Copying 0 resource from src\main\resources to target\classes
2024-09-07 22:47:26,100 [Worker-4: Building] INFO  o.a.m.s.f.DefaultMavenResourcesFiltering - skip non existing resourceDirectory C:\Users\diroa\OneDrive\Desktop\Phase-5-Capstone\phase-5-capstone\backend\movies-micro-service-app\movies-micro-service-app\src\test\resources
2024-09-07 22:48:51,784 [Worker-4: Building] INFO  o.a.m.s.f.DefaultMavenResourcesFiltering - Copying 1 resource from src\main\resources to target\classes
2024-09-07 22:48:51,792 [Worker-4: Building] INFO  o.a.m.s.f.DefaultMavenResourcesFiltering - Copying 0 resource from src\main\resources to target\classes
2024-09-07 22:48:51,800 [Worker-4: Building] INFO  o.a.m.s.f.DefaultMavenResourcesFiltering - skip non existing resourceDirectory C:\Users\diroa\OneDrive\Desktop\Phase-5-Capstone\phase-5-capstone\backend\movies-micro-service-app\movies-micro-service-app\src\test\resources
2024-09-07 22:50:14,905 [Worker-7: Building] INFO  o.a.m.s.f.DefaultMavenResourcesFiltering - Copying 1 resource from src\main\resources to target\classes
2024-09-07 22:50:14,914 [Worker-7: Building] INFO  o.a.m.s.f.DefaultMavenResourcesFiltering - Copying 0 resource from src\main\resources to target\classes
2024-09-07 22:50:14,920 [Worker-7: Building] INFO  o.a.m.s.f.DefaultMavenResourcesFiltering - skip non existing resourceDirectory C:\Users\diroa\OneDrive\Desktop\Phase-5-Capstone\phase-5-capstone\backend\movies-micro-service-app\movies-micro-service-app\src\test\resources
2024-09-07 22:51:00,281 [Worker-12: Building] INFO  o.a.m.s.f.DefaultMavenResourcesFiltering - Copying 1 resource from src\main\resources to target\classes
2024-09-07 22:51:00,293 [Worker-12: Building] INFO  o.a.m.s.f.DefaultMavenResourcesFiltering - Copying 0 resource from src\main\resources to target\classes
2024-09-07 22:51:00,301 [Worker-12: Building] INFO  o.a.m.s.f.DefaultMavenResourcesFiltering - skip non existing resourceDirectory C:\Users\diroa\OneDrive\Desktop\Phase-5-Capstone\phase-5-capstone\backend\movies-micro-service-app\movies-micro-service-app\src\test\resources
2024-09-07 22:52:03,165 [Worker-8: Building] INFO  o.a.m.s.f.DefaultMavenResourcesFiltering - Copying 1 resource from src\main\resources to target\classes
2024-09-07 22:52:03,172 [Worker-8: Building] INFO  o.a.m.s.f.DefaultMavenResourcesFiltering - Copying 0 resource from src\main\resources to target\classes
2024-09-07 22:52:03,182 [Worker-8: Building] INFO  o.a.m.s.f.DefaultMavenResourcesFiltering - skip non existing resourceDirectory C:\Users\diroa\OneDrive\Desktop\Phase-5-Capstone\phase-5-capstone\backend\movies-micro-service-app\movies-micro-service-app\src\test\resources
2024-09-07 22:52:06,291 [Worker-12: Building] INFO  o.a.m.s.f.DefaultMavenResourcesFiltering - Copying 1 resource from src\main\resources to target\classes
2024-09-07 22:52:06,298 [Worker-12: Building] INFO  o.a.m.s.f.DefaultMavenResourcesFiltering - Copying 0 resource from src\main\resources to target\classes
2024-09-07 22:52:06,302 [Worker-12: Building] INFO  o.a.m.s.f.DefaultMavenResourcesFiltering - skip non existing resourceDirectory C:\Users\diroa\OneDrive\Desktop\Phase-5-Capstone\phase-5-capstone\backend\movies-micro-service-app\movies-micro-service-app\src\test\resources
2024-09-07 22:52:33,669 [Worker-12: Building] INFO  o.a.m.s.f.DefaultMavenResourcesFiltering - Copying 1 resource from src\main\resources to target\classes
2024-09-07 22:52:33,676 [Worker-12: Building] INFO  o.a.m.s.f.DefaultMavenResourcesFiltering - Copying 0 resource from src\main\resources to target\classes
2024-09-07 22:52:33,682 [Worker-12: Building] INFO  o.a.m.s.f.DefaultMavenResourcesFiltering - skip non existing resourceDirectory C:\Users\diroa\OneDrive\Desktop\Phase-5-Capstone\phase-5-capstone\backend\movies-micro-service-app\movies-micro-service-app\src\test\resources
2024-09-07 22:52:50,107 [Worker-10: Building] INFO  o.a.m.s.f.DefaultMavenResourcesFiltering - Copying 1 resource from src\main\resources to target\classes
2024-09-07 22:52:50,120 [Worker-10: Building] INFO  o.a.m.s.f.DefaultMavenResourcesFiltering - Copying 0 resource from src\main\resources to target\classes
2024-09-07 22:52:50,137 [Worker-10: Building] INFO  o.a.m.s.f.DefaultMavenResourcesFiltering - skip non existing resourceDirectory C:\Users\diroa\OneDrive\Desktop\Phase-5-Capstone\phase-5-capstone\backend\movies-micro-service-app\movies-micro-service-app\src\test\resources
2024-09-07 22:53:09,173 [Worker-6: Building] INFO  o.a.m.s.f.DefaultMavenResourcesFiltering - Copying 1 resource from src\main\resources to target\classes
2024-09-07 22:53:09,182 [Worker-6: Building] INFO  o.a.m.s.f.DefaultMavenResourcesFiltering - Copying 0 resource from src\main\resources to target\classes
2024-09-07 22:53:09,187 [Worker-6: Building] INFO  o.a.m.s.f.DefaultMavenResourcesFiltering - skip non existing resourceDirectory C:\Users\diroa\OneDrive\Desktop\Phase-5-Capstone\phase-5-capstone\backend\movies-micro-service-app\movies-micro-service-app\src\test\resources
2024-09-07 22:54:47,105 [Worker-1: Building] INFO  o.a.m.s.f.DefaultMavenResourcesFiltering - Copying 1 resource from src\main\resources to target\classes
2024-09-07 22:54:47,185 [Worker-1: Building] INFO  o.a.m.s.f.DefaultMavenResourcesFiltering - Copying 0 resource from src\main\resources to target\classes
2024-09-07 22:54:47,190 [Worker-1: Building] INFO  o.a.m.s.f.DefaultMavenResourcesFiltering - skip non existing resourceDirectory C:\Users\diroa\OneDrive\Desktop\Phase-5-Capstone\phase-5-capstone\backend\movies-micro-service-app\movies-micro-service-app\src\test\resources
2024-09-07 22:57:49,982 [Worker-10: Building] INFO  o.a.m.s.f.DefaultMavenResourcesFiltering - Copying 1 resource from src\main\resources to target\classes
2024-09-07 22:57:49,993 [Worker-10: Building] INFO  o.a.m.s.f.DefaultMavenResourcesFiltering - Copying 0 resource from src\main\resources to target\classes
2024-09-07 22:57:49,998 [Worker-10: Building] INFO  o.a.m.s.f.DefaultMavenResourcesFiltering - skip non existing resourceDirectory C:\Users\diroa\OneDrive\Desktop\Phase-5-Capstone\phase-5-capstone\backend\movies-micro-service-app\movies-micro-service-app\src\test\resources
2024-09-07 22:58:18,589 [Worker-13: Building] INFO  o.a.m.s.f.DefaultMavenResourcesFiltering - Copying 1 resource from src\main\resources to target\classes
2024-09-07 22:58:18,629 [Worker-13: Building] INFO  o.a.m.s.f.DefaultMavenResourcesFiltering - Copying 0 resource from src\main\resources to target\classes
2024-09-07 22:58:18,637 [Worker-13: Building] INFO  o.a.m.s.f.DefaultMavenResourcesFiltering - skip non existing resourceDirectory C:\Users\diroa\OneDrive\Desktop\Phase-5-Capstone\phase-5-capstone\backend\movies-micro-service-app\movies-micro-service-app\src\test\resources
2024-09-07 22:58:58,018 [Worker-6: Building] INFO  o.e.m.c.i.l.LifecycleMappingFactory - Using org.eclipse.m2e.jdt.JarLifecycleMapping lifecycle mapping for MavenProject: com.example:movies-micro-service-app:0.0.1-SNAPSHOT @ C:\Users\diroa\OneDrive\Desktop\Phase-5-Capstone\phase-5-capstone\backend\movies-micro-service-app\movies-micro-service-app\pom.xml.
2024-09-07 22:58:59,505 [Worker-6: Building] INFO  o.a.m.s.f.DefaultMavenResourcesFiltering - Copying 0 resource from src\main\resources to target\classes
2024-09-07 22:58:59,507 [Worker-6: Building] INFO  o.a.m.s.f.DefaultMavenResourcesFiltering - Copying 0 resource from src\main\resources to target\classes
2024-09-07 22:58:59,516 [Worker-6: Building] INFO  o.a.m.s.f.DefaultMavenResourcesFiltering - skip non existing resourceDirectory C:\Users\diroa\OneDrive\Desktop\Phase-5-Capstone\phase-5-capstone\backend\movies-micro-service-app\movies-micro-service-app\src\test\resources
2024-09-07 23:33:56,781 [Worker-4: Loading available Gradle versions] INFO  o.e.b.c.i.u.g.PublishedGradleVersions - Gradle version information cache is out-of-date. Trying to update.
2024-09-07 23:35:23,445 [Worker-11: Building] INFO  o.a.m.s.f.DefaultMavenResourcesFiltering - Copying 1 resource from src\main\resources to target\classes
2024-09-07 23:35:23,496 [Worker-11: Building] INFO  o.a.m.s.f.DefaultMavenResourcesFiltering - Copying 0 resource from src\main\resources to target\classes
2024-09-07 23:35:23,507 [Worker-11: Building] INFO  o.a.m.s.f.DefaultMavenResourcesFiltering - skip non existing resourceDirectory C:\Users\diroa\OneDrive\Desktop\Phase-5-Capstone\phase-5-capstone\backend\Login-app-micro-service\Login-app-micro-service\src\test\resources
